date: "2014-10-04 20:16:14.933"
argv: "d:\\nodejs\\node.exe c:\\Users\\FU\\AppData\\Roaming\\npm\\node_modules\\hexo\\bin\\hexo g"
os: Windows_NT 6.1.7601 win32 x64
versions:
  http_parser: "1.0"
  node: 0.10.32
  v8: 3.14.5.9
  ares: 1.9.0-DEV
  uv: 0.10.28
  zlib: 1.2.3
  modules: "11"
  openssl: 1.0.1i
  hexo: 2.8.3
---
[debug] 20:16:14.251 Config file loaded from h:\newblog\_config.yml[debug] 20:16:14.254 Version info checked successfully[debug] 20:16:14.286 Loading database.[debug] 20:16:14.344 Processed: draft.md (2ms)[debug] 20:16:14.344 Processed: page.md (1ms)[debug] 20:16:14.345 Processed: photo.md (2ms)[debug] 20:16:14.345 Processed: post.md (2ms)[debug] 20:16:14.371 Plugin loaded successfully: hexo-renderer-ejs[debug] 20:16:14.392 Plugin loaded successfully: hexo-renderer-marked[debug] 20:16:14.585 Plugin loaded successfully: hexo-renderer-stylus[debug] 20:16:14.606 Processed: _posts/hello-world.md (8ms)[debug] 20:16:14.612 Processed: _posts/my-first-blog.md (6ms)[debug] 20:16:14.626 Processed: source/fancybox/blank.gif (1ms)[debug] 20:16:14.626 Processed: source/fancybox/fancybox_loading.gif (0ms)[debug] 20:16:14.626 Processed: source/fancybox/fancybox_loading@2x.gif (0ms)[debug] 20:16:14.627 Processed: source/fancybox/fancybox_overlay.png (1ms)[debug] 20:16:14.627 Processed: source/fancybox/fancybox_sprite.png (0ms)[debug] 20:16:14.627 Processed: source/fancybox/fancybox_sprite@2x.png (0ms)[debug] 20:16:14.627 Processed: source/fancybox/jquery.fancybox.css (0ms)[debug] 20:16:14.627 Processed: source/fancybox/jquery.fancybox.pack.js (0ms)[debug] 20:16:14.627 Processed: source/js/gallery.js (0ms)[debug] 20:16:14.628 Processed: source/css/style.styl (1ms)[debug] 20:16:14.628 Processed: source/js/jquery.imagesloaded.min.js (0ms)[debug] 20:16:14.628 Processed: source/css/_base/layout.styl (0ms)[debug] 20:16:14.628 Processed: source/css/_base/variable.styl (0ms)[debug] 20:16:14.628 Processed: source/css/_partial/archive.styl (0ms)[debug] 20:16:14.628 Processed: source/css/_partial/article.styl (0ms)[debug] 20:16:14.628 Processed: source/css/_base/utils.styl (0ms)[debug] 20:16:14.628 Processed: source/css/_partial/footer.styl (0ms)[debug] 20:16:14.628 Processed: source/css/_partial/header.styl (0ms)[debug] 20:16:14.628 Processed: source/css/_partial/index.styl (0ms)[debug] 20:16:14.628 Processed: source/css/_partial/sidebar.styl (0ms)[debug] 20:16:14.628 Processed: source/css/_partial/syntax.styl (0ms)[debug] 20:16:14.629 Processed: source/css/_partial/comment.styl (0ms)[debug] 20:16:14.629 Processed: source/css/font/fontawesome-webfont.eot (0ms)[debug] 20:16:14.629 Processed: source/css/font/fontawesome-webfont.svg (0ms)[debug] 20:16:14.629 Processed: source/css/font/fontawesome-webfont.ttf (0ms)[debug] 20:16:14.629 Processed: source/css/font/fontawesome-webfont.woff (0ms)[debug] 20:16:14.631 Processed: layout/layout.ejs (11ms)[debug] 20:16:14.631 Processed: layout/archive.ejs (11ms)[debug] 20:16:14.631 Processed: layout/page.ejs (10ms)[debug] 20:16:14.631 Processed: layout/category.ejs (11ms)[debug] 20:16:14.631 Processed: layout/post.ejs (10ms)[debug] 20:16:14.631 Processed: layout/tag.ejs (10ms)[debug] 20:16:14.631 Processed: layout/_widget/category.ejs (10ms)[debug] 20:16:14.631 Processed: layout/_widget/search.ejs (9ms)[debug] 20:16:14.631 Processed: layout/_widget/recent_posts.ejs (10ms)[debug] 20:16:14.631 Processed: layout/_widget/tag.ejs (9ms)[debug] 20:16:14.631 Processed: layout/_widget/tagcloud.ejs (9ms)[debug] 20:16:14.631 Processed: layout/_partial/archive.ejs (9ms)[debug] 20:16:14.631 Processed: layout/_partial/after_footer.ejs (9ms)[debug] 20:16:14.631 Processed: layout/_partial/article.ejs (8ms)[debug] 20:16:14.632 Processed: layout/_partial/comment.ejs (9ms)[debug] 20:16:14.632 Processed: layout/_partial/facebook_comment.ejs (9ms)[debug] 20:16:14.632 Processed: layout/_partial/footer.ejs (9ms)[debug] 20:16:14.632 Processed: layout/_partial/comment_old.ejs (9ms)[debug] 20:16:14.632 Processed: layout/_partial/google_analytics.ejs (9ms)[debug] 20:16:14.632 Processed: layout/_partial/head.ejs (8ms)[debug] 20:16:14.632 Processed: layout/_partial/pagination.ejs (8ms)[debug] 20:16:14.632 Processed: layout/_partial/header.ejs (8ms)[debug] 20:16:14.632 Processed: layout/index.ejs (8ms)[debug] 20:16:14.632 Processed: layout/_partial/post/gallery.ejs (7ms)[debug] 20:16:14.632 Processed: layout/_partial/post/category.ejs (7ms)[debug] 20:16:14.632 Processed: layout/_partial/post/share.ejs (7ms)[debug] 20:16:14.632 Processed: layout/_partial/post/tag.ejs (7ms)[debug] 20:16:14.632 Processed: layout/_partial/post/title.ejs (7ms)[debug] 20:16:14.632 Processed: layout/_partial/sidebar.ejs (5ms)[debug] 20:16:14.633 Processed: languages/de.yml (14ms)[debug] 20:16:14.634 Theme config loaded[debug] 20:16:14.634 Processed: _config.yml (14ms)[debug] 20:16:14.635 Processed: languages/default.yml (15ms)[debug] 20:16:14.635 Processed: languages/es.yml (15ms)[debug] 20:16:14.637 Processed: languages/ru.yml (17ms)[debug] 20:16:14.637 Processed: languages/zh-CN.yml (17ms)[debug] 20:16:14.638 Processed: languages/zh-TW.yml (18ms)[debug] 20:16:14.733 Generator: archive (88ms)[debug] 20:16:14.739 Generator: category (6ms)[debug] 20:16:14.751 Generator: home (12ms)[debug] 20:16:14.751 Generator: page (0ms)[debug] 20:16:14.773 Generator: post (22ms)[debug] 20:16:14.786 Generator: tag (13ms)[debug] 20:16:14.790 Generator: asset (4ms)[info] 20:16:14.790 Files loaded in 0.204s[debug] 20:16:14.799 Render archive: archives/[delete] 20:16:14.801 Deleted: categories\blog\index.html[delete] 20:16:14.802 Deleted: archives\index.html[delete] 20:16:14.802 Deleted: archives\2014\index.html[delete] 20:16:14.803 Deleted: archives\2014\10\index.html[create] 20:16:14.843 Generated: archives/index.html (44ms)[debug] 20:16:14.844 Render archive: archives/2014/[create] 20:16:14.865 Generated: archives/2014/index.html (21ms)[debug] 20:16:14.866 Render archive: archives/2014/10/[create] 20:16:14.896 Generated: archives/2014/10/index.html (30ms)[debug] 20:16:14.897 Render category: categories/blog/[create] 20:16:14.909 Generated: categories/blog/index.html (12ms)[debug] 20:16:14.910 Render index: [error] 20:16:14.925 HexoError: Render failed: index.html
SyntaxError: h:\newblog\themes\light\layout\index.ejs:2
    1| <% page.posts.each(function(item){ %>
 >> 2|   <%- partial('_partial/article', {item: item, index: true}) %>
    3| <% }); %>
    4| 
    5| <%- partial('_partial/pagination') %>

h:\newblog\themes\light\layout\_partial\article.ejs:42
    40| </article>
    41| 
 >> 42| <%- partial('comment') %>
    43| 

Unexpected token ) in "h:\\newblog\\themes\\light\\layout\\_partial\\comment.ejs"
    at Object.Function (<anonymous>)
    at exports.compile (h:\newblog\node_modules\hexo-renderer-ejs\node_modules\ejs\lib\ejs.js:242:14)
    at Object.exports.render (h:\newblog\node_modules\hexo-renderer-ejs\node_modules\ejs\lib\ejs.js:284:66)
    at h:\newblog\node_modules\hexo-renderer-ejs\index.js:5:14
    at Object.exports.renderSync (c:\Users\FU\AppData\Roaming\npm\node_modules\hexo\lib\core\render.js:133:12)
    at View.renderSync (c:\Users\FU\AppData\Roaming\npm\node_modules\hexo\lib\theme\view.js:183:28)
    at partial (c:\Users\FU\AppData\Roaming\npm\node_modules\hexo\lib\plugins\helper\partial.js:29:17)
    at Object.module.exports (c:\Users\FU\AppData\Roaming\npm\node_modules\hexo\lib\plugins\helper\partial.js:37:12)
    at eval (eval at <anonymous> (h:\newblog\node_modules\hexo-renderer-ejs\node_modules\ejs\lib\ejs.js:242:14), <anonymous>:29:2175)
    at eval (eval at <anonymous> (h:\newblog\node_modules\hexo-renderer-ejs\node_modules\ejs\lib\ejs.js:242:14), <anonymous>:29:2206)
